[2018-06-05 23:49:23,283] INFO Verifying properties (kafka.utils.VerifiableProperties)
[2018-06-05 23:49:23,318] INFO Property broker.id is overridden to 0 (kafka.utils.VerifiableProperties)
[2018-06-05 23:49:23,318] INFO Property log.cleaner.enable is overridden to false (kafka.utils.VerifiableProperties)
[2018-06-05 23:49:23,319] INFO Property log.dirs is overridden to /tmp/kafka-logs (kafka.utils.VerifiableProperties)
[2018-06-05 23:49:23,319] INFO Property log.retention.check.interval.ms is overridden to 300000 (kafka.utils.VerifiableProperties)
[2018-06-05 23:49:23,319] INFO Property log.retention.hours is overridden to 168 (kafka.utils.VerifiableProperties)
[2018-06-05 23:49:23,319] INFO Property log.segment.bytes is overridden to 1073741824 (kafka.utils.VerifiableProperties)
[2018-06-05 23:49:23,319] INFO Property num.io.threads is overridden to 8 (kafka.utils.VerifiableProperties)
[2018-06-05 23:49:23,320] INFO Property num.network.threads is overridden to 3 (kafka.utils.VerifiableProperties)
[2018-06-05 23:49:23,320] INFO Property num.partitions is overridden to 1 (kafka.utils.VerifiableProperties)
[2018-06-05 23:49:23,320] INFO Property num.recovery.threads.per.data.dir is overridden to 1 (kafka.utils.VerifiableProperties)
[2018-06-05 23:49:23,320] INFO Property port is overridden to 9092 (kafka.utils.VerifiableProperties)
[2018-06-05 23:49:23,320] INFO Property socket.receive.buffer.bytes is overridden to 102400 (kafka.utils.VerifiableProperties)
[2018-06-05 23:49:23,320] INFO Property socket.request.max.bytes is overridden to 104857600 (kafka.utils.VerifiableProperties)
[2018-06-05 23:49:23,320] INFO Property socket.send.buffer.bytes is overridden to 102400 (kafka.utils.VerifiableProperties)
[2018-06-05 23:49:23,321] INFO Property zookeeper.connect is overridden to localhost:2181 (kafka.utils.VerifiableProperties)
[2018-06-05 23:49:23,321] INFO Property zookeeper.connection.timeout.ms is overridden to 6000 (kafka.utils.VerifiableProperties)
[2018-06-05 23:49:23,351] INFO [Kafka Server 0], starting (kafka.server.KafkaServer)
[2018-06-05 23:49:23,363] INFO [Kafka Server 0], Connecting to zookeeper on localhost:2181 (kafka.server.KafkaServer)
[2018-06-05 23:49:23,643] INFO Log directory '/tmp/kafka-logs' not found, creating it. (kafka.log.LogManager)
[2018-06-05 23:49:23,674] INFO Loading logs. (kafka.log.LogManager)
[2018-06-05 23:49:23,677] INFO Logs loading complete. (kafka.log.LogManager)
[2018-06-05 23:49:23,678] INFO Starting log cleanup with a period of 300000 ms. (kafka.log.LogManager)
[2018-06-05 23:49:23,693] INFO Starting log flusher with a default period of 9223372036854775807 ms. (kafka.log.LogManager)
[2018-06-05 23:49:23,730] INFO Awaiting socket connections on 0.0.0.0:9092. (kafka.network.Acceptor)
[2018-06-05 23:49:23,731] INFO [Socket Server on Broker 0], Started (kafka.network.SocketServer)
[2018-06-05 23:49:23,779] INFO Will not load MX4J, mx4j-tools.jar is not in the classpath (kafka.utils.Mx4jLoader$)
[2018-06-05 23:49:23,825] INFO 0 successfully elected as leader (kafka.server.ZookeeperLeaderElector)
[2018-06-05 23:49:23,922] INFO Registered broker 0 at path /brokers/ids/0 with address anuj-HP-Pavilion-Notebook:9092. (kafka.utils.ZkUtils$)
[2018-06-05 23:49:23,931] INFO [Kafka Server 0], started (kafka.server.KafkaServer)
[2018-06-05 23:49:23,954] INFO New leader is 0 (kafka.server.ZookeeperLeaderElector$LeaderChangeListener)
[2018-06-05 23:49:49,064] INFO [ReplicaFetcherManager on broker 0] Removed fetcher for partitions [test,0] (kafka.server.ReplicaFetcherManager)
[2018-06-05 23:49:49,106] INFO Completed load of log test-0 with log end offset 0 (kafka.log.Log)
[2018-06-05 23:49:49,110] INFO Created log for partition [test,0] in /tmp/kafka-logs with properties {segment.index.bytes -> 10485760, file.delete.delay.ms -> 60000, segment.bytes -> 1073741824, flush.ms -> 9223372036854775807, delete.retention.ms -> 86400000, index.interval.bytes -> 4096, retention.bytes -> -1, min.insync.replicas -> 1, cleanup.policy -> delete, unclean.leader.election.enable -> true, segment.ms -> 604800000, max.message.bytes -> 1000012, flush.messages -> 9223372036854775807, min.cleanable.dirty.ratio -> 0.5, retention.ms -> 604800000, segment.jitter.ms -> 0}. (kafka.log.LogManager)
[2018-06-05 23:49:49,110] WARN Partition [test,0] on broker 0: No checkpointed highwatermark is found for partition [test,0] (kafka.cluster.Partition)
[2018-06-05 23:53:00,713] INFO Closing socket connection to /127.0.0.1. (kafka.network.Processor)
[2018-06-05 23:53:21,763] INFO Closing socket connection to /127.0.0.1. (kafka.network.Processor)
[2018-06-05 23:53:28,003] INFO Closing socket connection to /127.0.0.1. (kafka.network.Processor)
[2018-06-05 23:53:39,432] INFO Closing socket connection to /127.0.0.1. (kafka.network.Processor)
[2018-06-05 23:54:00,453] INFO Closing socket connection to /127.0.0.1. (kafka.network.Processor)
[2018-06-05 23:54:02,636] ERROR Closing socket for /127.0.0.1 because of error (kafka.network.Processor)
java.io.IOException: Broken pipe
	at sun.nio.ch.FileDispatcherImpl.write0(Native Method)
	at sun.nio.ch.SocketDispatcher.write(SocketDispatcher.java:47)
	at sun.nio.ch.IOUtil.writeFromNativeBuffer(IOUtil.java:93)
	at sun.nio.ch.IOUtil.write(IOUtil.java:65)
	at sun.nio.ch.SocketChannelImpl.write(SocketChannelImpl.java:471)
	at kafka.api.TopicDataSend.writeTo(FetchResponse.scala:123)
	at kafka.network.MultiSend.writeTo(Transmission.scala:101)
	at kafka.api.FetchResponseSend.writeTo(FetchResponse.scala:231)
	at kafka.network.Processor.write(SocketServer.scala:472)
	at kafka.network.Processor.run(SocketServer.scala:342)
	at java.lang.Thread.run(Thread.java:748)
[2018-06-05 23:54:19,942] INFO Closing socket connection to /127.0.0.1. (kafka.network.Processor)
[2018-06-05 23:54:27,212] INFO Closing socket connection to /127.0.0.1. (kafka.network.Processor)
